This file contains any messages produced by compilers while
running configure, to aid debugging if configure makes a mistake.

It was created by gtkmm_frame configure 1.0, which was
generated by GNU Autoconf 2.69.  Invocation command line was

  $ /home/hamed/Documents/Mars/C++/workspace/gtkmm_frame/configure 

## --------- ##
## Platform. ##
## --------- ##

hostname = hamed-vaio
uname -m = x86_64
uname -r = 3.13.0-53-generic
uname -s = Linux
uname -v = #89-Ubuntu SMP Wed May 20 10:34:39 UTC 2015

/usr/bin/uname -p = unknown
/bin/uname -X     = unknown

/bin/arch              = unknown
/usr/bin/arch -k       = unknown
/usr/convex/getsysinfo = unknown
/usr/bin/hostinfo      = unknown
/bin/machine           = unknown
/usr/bin/oslevel       = unknown
/bin/universe          = unknown

PATH: /home/hamed/bin
PATH: /usr/local/sbin
PATH: /usr/local/bin
PATH: /usr/sbin
PATH: /usr/bin
PATH: /sbin
PATH: /bin
PATH: /usr/games
PATH: /usr/local/games


## ----------- ##
## Core tests. ##
## ----------- ##

configure:1854: checking build system type
configure:1868: result: x86_64-unknown-linux-gnu
configure:1888: checking host system type
configure:1901: result: x86_64-unknown-linux-gnu
configure:1921: checking target system type
configure:1934: result: x86_64-unknown-linux-gnu
configure:1977: checking for a BSD-compatible install
configure:2045: result: /usr/bin/install -c
configure:2056: checking whether build environment is sane
configure:2111: result: yes
configure:2262: checking for a thread-safe mkdir -p
configure:2301: result: /bin/mkdir -p
configure:2308: checking for gawk
configure:2324: found /usr/bin/gawk
configure:2335: result: gawk
configure:2346: checking whether make sets $(MAKE)
configure:2368: result: yes
configure:2397: checking whether make supports nested variables
configure:2414: result: yes
configure:2598: checking for g++
configure:2614: found /usr/bin/g++
configure:2625: result: g++
configure:2652: checking for C++ compiler version
configure:2661: g++ --version >&5
g++ (Ubuntu 4.8.2-19ubuntu1) 4.8.2
Copyright (C) 2013 Free Software Foundation, Inc.
This is free software; see the source for copying conditions.  There is NO
warranty; not even for MERCHANTABILITY or FITNESS FOR A PARTICULAR PURPOSE.

configure:2672: $? = 0
configure:2661: g++ -v >&5
Using built-in specs.
COLLECT_GCC=g++
COLLECT_LTO_WRAPPER=/usr/lib/gcc/x86_64-linux-gnu/4.8/lto-wrapper
Target: x86_64-linux-gnu
Configured with: ../src/configure -v --with-pkgversion='Ubuntu 4.8.2-19ubuntu1' --with-bugurl=file:///usr/share/doc/gcc-4.8/README.Bugs --enable-languages=c,c++,java,go,d,fortran,objc,obj-c++ --prefix=/usr --program-suffix=-4.8 --enable-shared --enable-linker-build-id --libexecdir=/usr/lib --without-included-gettext --enable-threads=posix --with-gxx-include-dir=/usr/include/c++/4.8 --libdir=/usr/lib --enable-nls --with-sysroot=/ --enable-clocale=gnu --enable-libstdcxx-debug --enable-libstdcxx-time=yes --enable-gnu-unique-object --disable-libmudflap --enable-plugin --with-system-zlib --disable-browser-plugin --enable-java-awt=gtk --enable-gtk-cairo --with-java-home=/usr/lib/jvm/java-1.5.0-gcj-4.8-amd64/jre --enable-java-home --with-jvm-root-dir=/usr/lib/jvm/java-1.5.0-gcj-4.8-amd64 --with-jvm-jar-dir=/usr/lib/jvm-exports/java-1.5.0-gcj-4.8-amd64 --with-arch-directory=amd64 --with-ecj-jar=/usr/share/java/eclipse-ecj.jar --enable-objc-gc --enable-multiarch --disable-werror --with-arch-32=i686 --with-abi=m64 --with-multilib-list=m32,m64,mx32 --with-tune=generic --enable-checking=release --build=x86_64-linux-gnu --host=x86_64-linux-gnu --target=x86_64-linux-gnu
Thread model: posix
gcc version 4.8.2 (Ubuntu 4.8.2-19ubuntu1) 
configure:2672: $? = 0
configure:2661: g++ -V >&5
g++: error: unrecognized command line option '-V'
g++: fatal error: no input files
compilation terminated.
configure:2672: $? = 4
configure:2661: g++ -qversion >&5
g++: error: unrecognized command line option '-qversion'
g++: fatal error: no input files
compilation terminated.
configure:2672: $? = 4
configure:2692: checking whether the C++ compiler works
configure:2714: g++    conftest.cpp  >&5
configure:2718: $? = 0
configure:2766: result: yes
configure:2769: checking for C++ compiler default output file name
configure:2771: result: a.out
configure:2777: checking for suffix of executables
configure:2784: g++ -o conftest    conftest.cpp  >&5
configure:2788: $? = 0
configure:2810: result: 
configure:2832: checking whether we are cross compiling
configure:2840: g++ -o conftest    conftest.cpp  >&5
configure:2844: $? = 0
configure:2851: ./conftest
configure:2855: $? = 0
configure:2870: result: no
configure:2875: checking for suffix of object files
configure:2897: g++ -c   conftest.cpp >&5
configure:2901: $? = 0
configure:2922: result: o
configure:2926: checking whether we are using the GNU C++ compiler
configure:2945: g++ -c   conftest.cpp >&5
configure:2945: $? = 0
configure:2954: result: yes
configure:2963: checking whether g++ accepts -g
configure:2983: g++ -c -g  conftest.cpp >&5
configure:2983: $? = 0
configure:3024: result: yes
configure:3058: checking for style of include used by make
configure:3086: result: GNU
configure:3112: checking dependency style of g++
configure:3223: result: gcc3
configure:3293: checking for pkg-config
configure:3311: found /usr/bin/pkg-config
configure:3323: result: /usr/bin/pkg-config
configure:3348: checking pkg-config is at least version 0.9.0
configure:3351: result: yes
configure:3361: checking for GTKMM
configure:3368: $PKG_CONFIG --exists --print-errors "gtkmm-3.0"
configure:3371: $? = 0
configure:3385: $PKG_CONFIG --exists --print-errors "gtkmm-3.0"
configure:3388: $? = 0
configure:3446: result: yes
configure:3598: checking that generated files are newer than configure
configure:3604: result: done
configure:3627: creating ./config.status

## ---------------------- ##
## Running config.status. ##
## ---------------------- ##

This file was extended by gtkmm_frame config.status 1.0, which was
generated by GNU Autoconf 2.69.  Invocation command line was

  CONFIG_FILES    = 
  CONFIG_HEADERS  = 
  CONFIG_LINKS    = 
  CONFIG_COMMANDS = 
  $ ./config.status 

on hamed-vaio

config.status:797: creating Makefile
config.status:797: creating src/Makefile
config.status:969: executing depfiles commands

## ---------------- ##
## Cache variables. ##
## ---------------- ##

ac_cv_build=x86_64-unknown-linux-gnu
ac_cv_cxx_compiler_gnu=yes
ac_cv_env_CCC_set=
ac_cv_env_CCC_value=
ac_cv_env_CPPFLAGS_set=
ac_cv_env_CPPFLAGS_value=
ac_cv_env_CXXFLAGS_set=
ac_cv_env_CXXFLAGS_value=
ac_cv_env_CXX_set=
ac_cv_env_CXX_value=
ac_cv_env_GTKMM_CFLAGS_set=
ac_cv_env_GTKMM_CFLAGS_value=
ac_cv_env_GTKMM_LIBS_set=
ac_cv_env_GTKMM_LIBS_value=
ac_cv_env_LDFLAGS_set=
ac_cv_env_LDFLAGS_value=
ac_cv_env_LIBS_set=
ac_cv_env_LIBS_value=
ac_cv_env_PKG_CONFIG_LIBDIR_set=
ac_cv_env_PKG_CONFIG_LIBDIR_value=
ac_cv_env_PKG_CONFIG_PATH_set=
ac_cv_env_PKG_CONFIG_PATH_value=
ac_cv_env_PKG_CONFIG_set=
ac_cv_env_PKG_CONFIG_value=
ac_cv_env_build_alias_set=
ac_cv_env_build_alias_value=
ac_cv_env_host_alias_set=
ac_cv_env_host_alias_value=
ac_cv_env_target_alias_set=
ac_cv_env_target_alias_value=
ac_cv_host=x86_64-unknown-linux-gnu
ac_cv_objext=o
ac_cv_path_ac_pt_PKG_CONFIG=/usr/bin/pkg-config
ac_cv_path_install='/usr/bin/install -c'
ac_cv_path_mkdir=/bin/mkdir
ac_cv_prog_AWK=gawk
ac_cv_prog_ac_ct_CXX=g++
ac_cv_prog_cxx_g=yes
ac_cv_prog_make_make_set=yes
ac_cv_target=x86_64-unknown-linux-gnu
am_cv_CXX_dependencies_compiler_type=gcc3
am_cv_make_support_nested_variables=yes
pkg_cv_GTKMM_CFLAGS='-pthread -I/usr/include/gtkmm-3.0 -I/usr/lib/x86_64-linux-gnu/gtkmm-3.0/include -I/usr/include/atkmm-1.6 -I/usr/include/giomm-2.4 -I/usr/lib/x86_64-linux-gnu/giomm-2.4/include -I/usr/include/pangomm-1.4 -I/usr/lib/x86_64-linux-gnu/pangomm-1.4/include -I/usr/include/gtk-3.0 -I/usr/include/cairomm-1.0 -I/usr/lib/x86_64-linux-gnu/cairomm-1.0/include -I/usr/include/gdk-pixbuf-2.0 -I/usr/include/gtk-3.0/unix-print -I/usr/include/gdkmm-3.0 -I/usr/lib/x86_64-linux-gnu/gdkmm-3.0/include -I/usr/include/atk-1.0 -I/usr/include/glibmm-2.4 -I/usr/lib/x86_64-linux-gnu/glibmm-2.4/include -I/usr/include/glib-2.0 -I/usr/lib/x86_64-linux-gnu/glib-2.0/include -I/usr/include/sigc++-2.0 -I/usr/lib/x86_64-linux-gnu/sigc++-2.0/include -I/usr/include/pango-1.0 -I/usr/include/cairo -I/usr/include/pixman-1 -I/usr/include/freetype2 -I/usr/include/libpng12 -I/usr/include/at-spi2-atk/2.0 -I/usr/include/gio-unix-2.0/ -I/usr/include/harfbuzz  '
pkg_cv_GTKMM_LIBS='-lgtkmm-3.0 -latkmm-1.6 -lgdkmm-3.0 -lgiomm-2.4 -lpangomm-1.4 -lgtk-3 -lglibmm-2.4 -lcairomm-1.0 -lgdk-3 -latk-1.0 -lgio-2.0 -lpangocairo-1.0 -lgdk_pixbuf-2.0 -lcairo-gobject -lpango-1.0 -lcairo -lsigc-2.0 -lgobject-2.0 -lglib-2.0  '

## ----------------- ##
## Output variables. ##
## ----------------- ##

ACLOCAL='${SHELL} /home/hamed/Documents/Mars/C++/workspace/gtkmm_frame/missing aclocal-1.14'
AMDEPBACKSLASH='\'
AMDEP_FALSE='#'
AMDEP_TRUE=''
AMTAR='$${TAR-tar}'
AM_BACKSLASH='\'
AM_DEFAULT_V='$(AM_DEFAULT_VERBOSITY)'
AM_DEFAULT_VERBOSITY='1'
AM_V='$(V)'
AUTOCONF='${SHELL} /home/hamed/Documents/Mars/C++/workspace/gtkmm_frame/missing autoconf'
AUTOHEADER='${SHELL} /home/hamed/Documents/Mars/C++/workspace/gtkmm_frame/missing autoheader'
AUTOMAKE='${SHELL} /home/hamed/Documents/Mars/C++/workspace/gtkmm_frame/missing automake-1.14'
AWK='gawk'
CPPFLAGS=''
CXX='g++'
CXXDEPMODE='depmode=gcc3'
CXXFLAGS='-g -O2'
CYGPATH_W='echo'
DEFS='-DPACKAGE_NAME=\"gtkmm_frame\" -DPACKAGE_TARNAME=\"gtkmm_frame\" -DPACKAGE_VERSION=\"1.0\" -DPACKAGE_STRING=\"gtkmm_frame\ 1.0\" -DPACKAGE_BUGREPORT=\"\" -DPACKAGE_URL=\"\" -DPACKAGE=\"gtkmm_frame\" -DVERSION=\"1.0\"'
DEPDIR='.deps'
ECHO_C=''
ECHO_N='-n'
ECHO_T=''
EXEEXT=''
GTKMM_CFLAGS='-pthread -I/usr/include/gtkmm-3.0 -I/usr/lib/x86_64-linux-gnu/gtkmm-3.0/include -I/usr/include/atkmm-1.6 -I/usr/include/giomm-2.4 -I/usr/lib/x86_64-linux-gnu/giomm-2.4/include -I/usr/include/pangomm-1.4 -I/usr/lib/x86_64-linux-gnu/pangomm-1.4/include -I/usr/include/gtk-3.0 -I/usr/include/cairomm-1.0 -I/usr/lib/x86_64-linux-gnu/cairomm-1.0/include -I/usr/include/gdk-pixbuf-2.0 -I/usr/include/gtk-3.0/unix-print -I/usr/include/gdkmm-3.0 -I/usr/lib/x86_64-linux-gnu/gdkmm-3.0/include -I/usr/include/atk-1.0 -I/usr/include/glibmm-2.4 -I/usr/lib/x86_64-linux-gnu/glibmm-2.4/include -I/usr/include/glib-2.0 -I/usr/lib/x86_64-linux-gnu/glib-2.0/include -I/usr/include/sigc++-2.0 -I/usr/lib/x86_64-linux-gnu/sigc++-2.0/include -I/usr/include/pango-1.0 -I/usr/include/cairo -I/usr/include/pixman-1 -I/usr/include/freetype2 -I/usr/include/libpng12 -I/usr/include/at-spi2-atk/2.0 -I/usr/include/gio-unix-2.0/ -I/usr/include/harfbuzz  '
GTKMM_LIBS='-lgtkmm-3.0 -latkmm-1.6 -lgdkmm-3.0 -lgiomm-2.4 -lpangomm-1.4 -lgtk-3 -lglibmm-2.4 -lcairomm-1.0 -lgdk-3 -latk-1.0 -lgio-2.0 -lpangocairo-1.0 -lgdk_pixbuf-2.0 -lcairo-gobject -lpango-1.0 -lcairo -lsigc-2.0 -lgobject-2.0 -lglib-2.0  '
INSTALL_DATA='${INSTALL} -m 644'
INSTALL_PROGRAM='${INSTALL}'
INSTALL_SCRIPT='${INSTALL}'
INSTALL_STRIP_PROGRAM='$(install_sh) -c -s'
LDFLAGS=''
LIBOBJS=''
LIBS=''
LTLIBOBJS=''
MAKEINFO='${SHELL} /home/hamed/Documents/Mars/C++/workspace/gtkmm_frame/missing makeinfo'
MKDIR_P='/bin/mkdir -p'
OBJEXT='o'
PACKAGE='gtkmm_frame'
PACKAGE_BUGREPORT=''
PACKAGE_NAME='gtkmm_frame'
PACKAGE_STRING='gtkmm_frame 1.0'
PACKAGE_TARNAME='gtkmm_frame'
PACKAGE_URL=''
PACKAGE_VERSION='1.0'
PATH_SEPARATOR=':'
PKG_CONFIG='/usr/bin/pkg-config'
PKG_CONFIG_LIBDIR=''
PKG_CONFIG_PATH=''
SET_MAKE=''
SHELL='/bin/bash'
STRIP=''
VERSION='1.0'
ac_ct_CXX='g++'
am__EXEEXT_FALSE=''
am__EXEEXT_TRUE='#'
am__fastdepCXX_FALSE='#'
am__fastdepCXX_TRUE=''
am__include='include'
am__isrc=''
am__leading_dot='.'
am__nodep='_no'
am__quote=''
am__tar='$${TAR-tar} chof - "$$tardir"'
am__untar='$${TAR-tar} xf -'
bindir='${exec_prefix}/bin'
build='x86_64-unknown-linux-gnu'
build_alias=''
build_cpu='x86_64'
build_os='linux-gnu'
build_vendor='unknown'
datadir='${datarootdir}'
datarootdir='${prefix}/share'
docdir='${datarootdir}/doc/${PACKAGE_TARNAME}'
dvidir='${docdir}'
exec_prefix='${prefix}'
host='x86_64-unknown-linux-gnu'
host_alias=''
host_cpu='x86_64'
host_os='linux-gnu'
host_vendor='unknown'
htmldir='${docdir}'
includedir='${prefix}/include'
infodir='${datarootdir}/info'
install_sh='${SHELL} /home/hamed/Documents/Mars/C++/workspace/gtkmm_frame/install-sh'
libdir='${exec_prefix}/lib'
libexecdir='${exec_prefix}/libexec'
localedir='${datarootdir}/locale'
localstatedir='${prefix}/var'
mandir='${datarootdir}/man'
mkdir_p='$(MKDIR_P)'
oldincludedir='/usr/include'
pdfdir='${docdir}'
prefix='/usr/local'
program_transform_name='s,x,x,'
psdir='${docdir}'
sbindir='${exec_prefix}/sbin'
sharedstatedir='${prefix}/com'
sysconfdir='${prefix}/etc'
target='x86_64-unknown-linux-gnu'
target_alias=''
target_cpu='x86_64'
target_os='linux-gnu'
target_vendor='unknown'

## ----------- ##
## confdefs.h. ##
## ----------- ##

/* confdefs.h */
#define PACKAGE_NAME "gtkmm_frame"
#define PACKAGE_TARNAME "gtkmm_frame"
#define PACKAGE_VERSION "1.0"
#define PACKAGE_STRING "gtkmm_frame 1.0"
#define PACKAGE_BUGREPORT ""
#define PACKAGE_URL ""
#define PACKAGE "gtkmm_frame"
#define VERSION "1.0"

configure: exit 0
